{"/Users/lq/fex/open-source/tracelog/lib/index.js":{"path":"/Users/lq/fex/open-source/tracelog/lib/index.js","s":{"1":1,"2":1,"3":1,"4":1,"5":1,"6":1,"7":42,"8":78,"9":1,"10":77,"11":77,"12":42,"13":35,"14":1,"15":34,"16":17,"17":17,"18":21,"19":21,"20":17,"21":17,"22":17,"23":34,"24":17,"25":60,"26":1,"27":1,"28":12,"29":12,"30":12,"31":12,"32":0,"33":1,"34":2,"35":2,"36":1,"37":1,"38":7,"39":5,"40":2,"41":2,"42":0,"43":2,"44":22,"45":62,"46":22,"47":0,"48":22,"49":6,"50":22,"51":0,"52":22,"53":22,"54":9,"55":9,"56":9,"57":0,"58":22,"59":22,"60":6,"61":16,"62":6,"63":0,"64":0,"65":0,"66":0,"67":6,"68":6,"69":6,"70":6,"71":0,"72":6,"73":1,"74":1,"75":77,"76":77,"77":0,"78":77,"79":40,"80":37,"81":17,"82":20,"83":2,"84":18,"85":8,"86":2,"87":2,"88":6,"89":5,"90":3,"91":3,"92":10,"93":1,"94":9,"95":0,"96":9,"97":1,"98":8,"99":0,"100":8,"101":21,"102":0,"103":21,"104":3,"105":2,"106":6,"107":19,"108":0,"109":19,"110":1,"111":0,"112":19,"113":1,"114":5},"b":{"1":[10,32],"2":[1,77],"3":[42,35],"4":[1,34],"5":[17,17],"6":[34,0],"7":[1,1],"8":[5,2],"9":[0,2],"10":[0,62],"11":[62,0],"12":[0,22],"13":[6,0],"14":[0,22],"15":[9,13],"16":[6,16],"17":[0,6],"18":[0,0],"19":[0,6],"20":[0,77],"21":[77,19,13,0],"22":[40,37],"23":[17,20],"24":[37,1,36,0,36,0,36,0,36,19],"25":[2,18],"26":[20,3],"27":[8,10],"28":[18,8],"29":[2,6],"30":[8,3],"31":[3,2],"32":[1,9],"33":[10,9],"34":[0,9],"35":[9,9],"36":[1,8],"37":[0,8],"38":[0,21],"39":[3,18],"40":[2,1],"41":[3,1],"42":[0,19],"43":[1,18],"44":[0,1],"45":[1,1],"46":[1,18],"47":[1,1]},"f":{"1":1,"2":78,"3":42,"4":12,"5":2,"6":22,"7":62,"8":6,"9":9,"10":77},"fnMap":{"1":{"name":"(anonymous_1)","line":6,"loc":{"start":{"line":6,"column":1},"end":{"line":6,"column":21}}},"2":{"name":"print","line":7,"loc":{"start":{"line":7,"column":4},"end":{"line":7,"column":22}}},"3":{"name":"handleStr","line":8,"loc":{"start":{"line":8,"column":8},"end":{"line":8,"column":30}}},"4":{"name":"extract","line":39,"loc":{"start":{"line":39,"column":4},"end":{"line":39,"column":26}}},"5":{"name":"log","line":55,"loc":{"start":{"line":55,"column":4},"end":{"line":55,"column":22}}},"6":{"name":"(anonymous_6)","line":75,"loc":{"start":{"line":75,"column":15},"end":{"line":75,"column":46}}},"7":{"name":"(anonymous_7)","line":76,"loc":{"start":{"line":76,"column":26},"end":{"line":76,"column":42}}},"8":{"name":"(anonymous_8)","line":82,"loc":{"start":{"line":82,"column":24},"end":{"line":82,"column":39}}},"9":{"name":"(anonymous_9)","line":90,"loc":{"start":{"line":90,"column":34},"end":{"line":90,"column":57}}},"10":{"name":"checkIfSame","line":124,"loc":{"start":{"line":124,"column":4},"end":{"line":124,"column":31}}}},"statementMap":{"1":{"start":{"line":3,"column":0},"end":{"line":3,"column":31}},"2":{"start":{"line":4,"column":0},"end":{"line":4,"column":29}},"3":{"start":{"line":5,"column":0},"end":{"line":5,"column":13}},"4":{"start":{"line":6,"column":0},"end":{"line":205,"column":59}},"5":{"start":{"line":7,"column":4},"end":{"line":37,"column":5}},"6":{"start":{"line":8,"column":8},"end":{"line":10,"column":9}},"7":{"start":{"line":9,"column":12},"end":{"line":9,"column":62}},"8":{"start":{"line":11,"column":8},"end":{"line":13,"column":9}},"9":{"start":{"line":12,"column":12},"end":{"line":12,"column":27}},"10":{"start":{"line":14,"column":8},"end":{"line":14,"column":21}},"11":{"start":{"line":15,"column":8},"end":{"line":35,"column":9}},"12":{"start":{"line":16,"column":12},"end":{"line":16,"column":32}},"13":{"start":{"line":18,"column":13},"end":{"line":35,"column":9}},"14":{"start":{"line":19,"column":12},"end":{"line":19,"column":21}},"15":{"start":{"line":21,"column":13},"end":{"line":35,"column":9}},"16":{"start":{"line":22,"column":12},"end":{"line":22,"column":23}},"17":{"start":{"line":23,"column":12},"end":{"line":26,"column":13}},"18":{"start":{"line":24,"column":16},"end":{"line":24,"column":32}},"19":{"start":{"line":25,"column":16},"end":{"line":25,"column":32}},"20":{"start":{"line":27,"column":12},"end":{"line":27,"column":23}},"21":{"start":{"line":30,"column":12},"end":{"line":30,"column":23}},"22":{"start":{"line":31,"column":12},"end":{"line":33,"column":13}},"23":{"start":{"line":32,"column":16},"end":{"line":32,"column":90}},"24":{"start":{"line":34,"column":12},"end":{"line":34,"column":30}},"25":{"start":{"line":36,"column":8},"end":{"line":36,"column":25}},"26":{"start":{"line":38,"column":4},"end":{"line":38,"column":27}},"27":{"start":{"line":39,"column":4},"end":{"line":48,"column":5}},"28":{"start":{"line":40,"column":8},"end":{"line":47,"column":9}},"29":{"start":{"line":41,"column":12},"end":{"line":41,"column":51}},"30":{"start":{"line":42,"column":12},"end":{"line":42,"column":41}},"31":{"start":{"line":43,"column":12},"end":{"line":43,"column":62}},"32":{"start":{"line":46,"column":12},"end":{"line":46,"column":27}},"33":{"start":{"line":55,"column":4},"end":{"line":122,"column":5}},"34":{"start":{"line":56,"column":8},"end":{"line":56,"column":151}},"35":{"start":{"line":57,"column":8},"end":{"line":67,"column":9}},"36":{"start":{"line":58,"column":12},"end":{"line":58,"column":29}},"37":{"start":{"line":61,"column":12},"end":{"line":65,"column":13}},"38":{"start":{"line":62,"column":16},"end":{"line":64,"column":17}},"39":{"start":{"line":63,"column":20},"end":{"line":63,"column":43}},"40":{"start":{"line":68,"column":8},"end":{"line":68,"column":30}},"41":{"start":{"line":69,"column":8},"end":{"line":71,"column":9}},"42":{"start":{"line":70,"column":12},"end":{"line":70,"column":39}},"43":{"start":{"line":75,"column":8},"end":{"line":121,"column":10}},"44":{"start":{"line":76,"column":12},"end":{"line":78,"column":14}},"45":{"start":{"line":77,"column":16},"end":{"line":77,"column":77}},"46":{"start":{"line":79,"column":12},"end":{"line":81,"column":13}},"47":{"start":{"line":80,"column":16},"end":{"line":80,"column":23}},"48":{"start":{"line":82,"column":12},"end":{"line":84,"column":14}},"49":{"start":{"line":83,"column":16},"end":{"line":83,"column":64}},"50":{"start":{"line":85,"column":12},"end":{"line":87,"column":13}},"51":{"start":{"line":86,"column":16},"end":{"line":86,"column":23}},"52":{"start":{"line":88,"column":12},"end":{"line":88,"column":46}},"53":{"start":{"line":89,"column":12},"end":{"line":95,"column":13}},"54":{"start":{"line":90,"column":16},"end":{"line":94,"column":18}},"55":{"start":{"line":91,"column":20},"end":{"line":91,"column":68}},"56":{"start":{"line":92,"column":20},"end":{"line":92,"column":63}},"57":{"start":{"line":93,"column":20},"end":{"line":93,"column":27}},"58":{"start":{"line":96,"column":12},"end":{"line":120,"column":13}},"59":{"start":{"line":97,"column":16},"end":{"line":102,"column":17}},"60":{"start":{"line":98,"column":20},"end":{"line":98,"column":41}},"61":{"start":{"line":101,"column":20},"end":{"line":101,"column":32}},"62":{"start":{"line":105,"column":16},"end":{"line":111,"column":17}},"63":{"start":{"line":106,"column":20},"end":{"line":106,"column":96}},"64":{"start":{"line":107,"column":20},"end":{"line":109,"column":21}},"65":{"start":{"line":108,"column":24},"end":{"line":108,"column":53}},"66":{"start":{"line":110,"column":20},"end":{"line":110,"column":33}},"67":{"start":{"line":112,"column":16},"end":{"line":112,"column":58}},"68":{"start":{"line":113,"column":16},"end":{"line":113,"column":60}},"69":{"start":{"line":114,"column":16},"end":{"line":114,"column":114}},"70":{"start":{"line":116,"column":16},"end":{"line":118,"column":17}},"71":{"start":{"line":117,"column":20},"end":{"line":117,"column":131}},"72":{"start":{"line":119,"column":16},"end":{"line":119,"column":29}},"73":{"start":{"line":123,"column":4},"end":{"line":123,"column":23}},"74":{"start":{"line":124,"column":4},"end":{"line":204,"column":5}},"75":{"start":{"line":125,"column":8},"end":{"line":125,"column":14}},"76":{"start":{"line":128,"column":8},"end":{"line":130,"column":9}},"77":{"start":{"line":129,"column":12},"end":{"line":129,"column":24}},"78":{"start":{"line":134,"column":8},"end":{"line":136,"column":9}},"79":{"start":{"line":135,"column":12},"end":{"line":135,"column":24}},"80":{"start":{"line":141,"column":8},"end":{"line":147,"column":9}},"81":{"start":{"line":146,"column":12},"end":{"line":146,"column":24}},"82":{"start":{"line":148,"column":8},"end":{"line":150,"column":9}},"83":{"start":{"line":149,"column":12},"end":{"line":149,"column":29}},"84":{"start":{"line":151,"column":8},"end":{"line":164,"column":9}},"85":{"start":{"line":152,"column":12},"end":{"line":162,"column":13}},"86":{"start":{"line":153,"column":16},"end":{"line":153,"column":78}},"87":{"start":{"line":154,"column":16},"end":{"line":154,"column":28}},"88":{"start":{"line":157,"column":16},"end":{"line":161,"column":17}},"89":{"start":{"line":158,"column":20},"end":{"line":160,"column":21}},"90":{"start":{"line":159,"column":24},"end":{"line":159,"column":37}},"91":{"start":{"line":163,"column":12},"end":{"line":163,"column":24}},"92":{"start":{"line":166,"column":8},"end":{"line":168,"column":9}},"93":{"start":{"line":167,"column":12},"end":{"line":167,"column":25}},"94":{"start":{"line":169,"column":8},"end":{"line":171,"column":9}},"95":{"start":{"line":170,"column":12},"end":{"line":170,"column":25}},"96":{"start":{"line":172,"column":8},"end":{"line":174,"column":9}},"97":{"start":{"line":173,"column":12},"end":{"line":173,"column":25}},"98":{"start":{"line":175,"column":8},"end":{"line":177,"column":9}},"99":{"start":{"line":176,"column":12},"end":{"line":176,"column":25}},"100":{"start":{"line":180,"column":8},"end":{"line":189,"column":9}},"101":{"start":{"line":181,"column":12},"end":{"line":188,"column":13}},"102":{"start":{"line":182,"column":16},"end":{"line":182,"column":29}},"103":{"start":{"line":184,"column":17},"end":{"line":188,"column":13}},"104":{"start":{"line":185,"column":16},"end":{"line":187,"column":17}},"105":{"start":{"line":186,"column":20},"end":{"line":186,"column":33}},"106":{"start":{"line":190,"column":8},"end":{"line":202,"column":9}},"107":{"start":{"line":191,"column":12},"end":{"line":198,"column":13}},"108":{"start":{"line":192,"column":16},"end":{"line":192,"column":29}},"109":{"start":{"line":194,"column":17},"end":{"line":198,"column":13}},"110":{"start":{"line":195,"column":16},"end":{"line":197,"column":17}},"111":{"start":{"line":196,"column":20},"end":{"line":196,"column":33}},"112":{"start":{"line":199,"column":12},"end":{"line":201,"column":13}},"113":{"start":{"line":200,"column":16},"end":{"line":200,"column":29}},"114":{"start":{"line":203,"column":8},"end":{"line":203,"column":20}}},"branchMap":{"1":{"line":9,"type":"cond-expr","locations":[{"start":{"line":9,"column":42},"end":{"line":9,"column":57}},{"start":{"line":9,"column":60},"end":{"line":9,"column":61}}]},"2":{"line":11,"type":"if","locations":[{"start":{"line":11,"column":8},"end":{"line":11,"column":8}},{"start":{"line":11,"column":8},"end":{"line":11,"column":8}}]},"3":{"line":15,"type":"if","locations":[{"start":{"line":15,"column":8},"end":{"line":15,"column":8}},{"start":{"line":15,"column":8},"end":{"line":15,"column":8}}]},"4":{"line":18,"type":"if","locations":[{"start":{"line":18,"column":13},"end":{"line":18,"column":13}},{"start":{"line":18,"column":13},"end":{"line":18,"column":13}}]},"5":{"line":21,"type":"if","locations":[{"start":{"line":21,"column":13},"end":{"line":21,"column":13}},{"start":{"line":21,"column":13},"end":{"line":21,"column":13}}]},"6":{"line":32,"type":"cond-expr","locations":[{"start":{"line":32,"column":49},"end":{"line":32,"column":64}},{"start":{"line":32,"column":67},"end":{"line":32,"column":68}}]},"7":{"line":57,"type":"if","locations":[{"start":{"line":57,"column":8},"end":{"line":57,"column":8}},{"start":{"line":57,"column":8},"end":{"line":57,"column":8}}]},"8":{"line":62,"type":"if","locations":[{"start":{"line":62,"column":16},"end":{"line":62,"column":16}},{"start":{"line":62,"column":16},"end":{"line":62,"column":16}}]},"9":{"line":69,"type":"if","locations":[{"start":{"line":69,"column":8},"end":{"line":69,"column":8}},{"start":{"line":69,"column":8},"end":{"line":69,"column":8}}]},"10":{"line":77,"type":"cond-expr","locations":[{"start":{"line":77,"column":52},"end":{"line":77,"column":64}},{"start":{"line":77,"column":67},"end":{"line":77,"column":76}}]},"11":{"line":77,"type":"binary-expr","locations":[{"start":{"line":77,"column":24},"end":{"line":77,"column":30}},{"start":{"line":77,"column":34},"end":{"line":77,"column":48}}]},"12":{"line":79,"type":"if","locations":[{"start":{"line":79,"column":12},"end":{"line":79,"column":12}},{"start":{"line":79,"column":12},"end":{"line":79,"column":12}}]},"13":{"line":83,"type":"cond-expr","locations":[{"start":{"line":83,"column":32},"end":{"line":83,"column":57}},{"start":{"line":83,"column":60},"end":{"line":83,"column":63}}]},"14":{"line":85,"type":"if","locations":[{"start":{"line":85,"column":12},"end":{"line":85,"column":12}},{"start":{"line":85,"column":12},"end":{"line":85,"column":12}}]},"15":{"line":89,"type":"if","locations":[{"start":{"line":89,"column":12},"end":{"line":89,"column":12}},{"start":{"line":89,"column":12},"end":{"line":89,"column":12}}]},"16":{"line":97,"type":"if","locations":[{"start":{"line":97,"column":16},"end":{"line":97,"column":16}},{"start":{"line":97,"column":16},"end":{"line":97,"column":16}}]},"17":{"line":105,"type":"if","locations":[{"start":{"line":105,"column":16},"end":{"line":105,"column":16}},{"start":{"line":105,"column":16},"end":{"line":105,"column":16}}]},"18":{"line":107,"type":"if","locations":[{"start":{"line":107,"column":20},"end":{"line":107,"column":20}},{"start":{"line":107,"column":20},"end":{"line":107,"column":20}}]},"19":{"line":116,"type":"if","locations":[{"start":{"line":116,"column":16},"end":{"line":116,"column":16}},{"start":{"line":116,"column":16},"end":{"line":116,"column":16}}]},"20":{"line":128,"type":"if","locations":[{"start":{"line":128,"column":8},"end":{"line":128,"column":8}},{"start":{"line":128,"column":8},"end":{"line":128,"column":8}}]},"21":{"line":128,"type":"binary-expr","locations":[{"start":{"line":128,"column":12},"end":{"line":128,"column":20}},{"start":{"line":128,"column":24},"end":{"line":128,"column":32}},{"start":{"line":128,"column":36},"end":{"line":128,"column":57}},{"start":{"line":128,"column":61},"end":{"line":128,"column":82}}]},"22":{"line":134,"type":"if","locations":[{"start":{"line":134,"column":8},"end":{"line":134,"column":8}},{"start":{"line":134,"column":8},"end":{"line":134,"column":8}}]},"23":{"line":141,"type":"if","locations":[{"start":{"line":141,"column":8},"end":{"line":141,"column":8}},{"start":{"line":141,"column":8},"end":{"line":141,"column":8}}]},"24":{"line":141,"type":"binary-expr","locations":[{"start":{"line":141,"column":13},"end":{"line":141,"column":36}},{"start":{"line":141,"column":40},"end":{"line":141,"column":63}},{"start":{"line":142,"column":13},"end":{"line":142,"column":30}},{"start":{"line":142,"column":34},"end":{"line":142,"column":51}},{"start":{"line":143,"column":13},"end":{"line":143,"column":32}},{"start":{"line":143,"column":36},"end":{"line":143,"column":55}},{"start":{"line":144,"column":13},"end":{"line":144,"column":32}},{"start":{"line":144,"column":36},"end":{"line":144,"column":55}},{"start":{"line":145,"column":13},"end":{"line":145,"column":36}},{"start":{"line":145,"column":40},"end":{"line":145,"column":65}}]},"25":{"line":148,"type":"if","locations":[{"start":{"line":148,"column":8},"end":{"line":148,"column":8}},{"start":{"line":148,"column":8},"end":{"line":148,"column":8}}]},"26":{"line":148,"type":"binary-expr","locations":[{"start":{"line":148,"column":13},"end":{"line":148,"column":33}},{"start":{"line":148,"column":37},"end":{"line":148,"column":56}}]},"27":{"line":151,"type":"if","locations":[{"start":{"line":151,"column":8},"end":{"line":151,"column":8}},{"start":{"line":151,"column":8},"end":{"line":151,"column":8}}]},"28":{"line":151,"type":"binary-expr","locations":[{"start":{"line":151,"column":12},"end":{"line":151,"column":30}},{"start":{"line":151,"column":34},"end":{"line":151,"column":52}}]},"29":{"line":152,"type":"if","locations":[{"start":{"line":152,"column":12},"end":{"line":152,"column":12}},{"start":{"line":152,"column":12},"end":{"line":152,"column":12}}]},"30":{"line":152,"type":"binary-expr","locations":[{"start":{"line":152,"column":16},"end":{"line":152,"column":30}},{"start":{"line":152,"column":34},"end":{"line":152,"column":46}}]},"31":{"line":158,"type":"if","locations":[{"start":{"line":158,"column":20},"end":{"line":158,"column":20}},{"start":{"line":158,"column":20},"end":{"line":158,"column":20}}]},"32":{"line":166,"type":"if","locations":[{"start":{"line":166,"column":8},"end":{"line":166,"column":8}},{"start":{"line":166,"column":8},"end":{"line":166,"column":8}}]},"33":{"line":166,"type":"binary-expr","locations":[{"start":{"line":166,"column":14},"end":{"line":166,"column":33}},{"start":{"line":166,"column":37},"end":{"line":166,"column":56}}]},"34":{"line":169,"type":"if","locations":[{"start":{"line":169,"column":8},"end":{"line":169,"column":8}},{"start":{"line":169,"column":8},"end":{"line":169,"column":8}}]},"35":{"line":169,"type":"binary-expr","locations":[{"start":{"line":169,"column":12},"end":{"line":169,"column":30}},{"start":{"line":169,"column":34},"end":{"line":169,"column":52}}]},"36":{"line":172,"type":"if","locations":[{"start":{"line":172,"column":8},"end":{"line":172,"column":8}},{"start":{"line":172,"column":8},"end":{"line":172,"column":8}}]},"37":{"line":175,"type":"if","locations":[{"start":{"line":175,"column":8},"end":{"line":175,"column":8}},{"start":{"line":175,"column":8},"end":{"line":175,"column":8}}]},"38":{"line":181,"type":"if","locations":[{"start":{"line":181,"column":12},"end":{"line":181,"column":12}},{"start":{"line":181,"column":12},"end":{"line":181,"column":12}}]},"39":{"line":184,"type":"if","locations":[{"start":{"line":184,"column":17},"end":{"line":184,"column":17}},{"start":{"line":184,"column":17},"end":{"line":184,"column":17}}]},"40":{"line":185,"type":"if","locations":[{"start":{"line":185,"column":16},"end":{"line":185,"column":16}},{"start":{"line":185,"column":16},"end":{"line":185,"column":16}}]},"41":{"line":185,"type":"binary-expr","locations":[{"start":{"line":185,"column":22},"end":{"line":185,"column":44}},{"start":{"line":185,"column":48},"end":{"line":185,"column":71}}]},"42":{"line":191,"type":"if","locations":[{"start":{"line":191,"column":12},"end":{"line":191,"column":12}},{"start":{"line":191,"column":12},"end":{"line":191,"column":12}}]},"43":{"line":194,"type":"if","locations":[{"start":{"line":194,"column":17},"end":{"line":194,"column":17}},{"start":{"line":194,"column":17},"end":{"line":194,"column":17}}]},"44":{"line":195,"type":"if","locations":[{"start":{"line":195,"column":16},"end":{"line":195,"column":16}},{"start":{"line":195,"column":16},"end":{"line":195,"column":16}}]},"45":{"line":195,"type":"binary-expr","locations":[{"start":{"line":195,"column":22},"end":{"line":195,"column":44}},{"start":{"line":195,"column":48},"end":{"line":195,"column":71}}]},"46":{"line":199,"type":"if","locations":[{"start":{"line":199,"column":12},"end":{"line":199,"column":12}},{"start":{"line":199,"column":12},"end":{"line":199,"column":12}}]},"47":{"line":205,"type":"binary-expr","locations":[{"start":{"line":205,"column":14},"end":{"line":205,"column":30}},{"start":{"line":205,"column":35},"end":{"line":205,"column":56}}]}}}}