TN:
SF:/Users/lq/fex/open-source/tracelog/lib/index.js
FN:6,(anonymous_1)
FN:7,print
FN:8,handleStr
FN:39,extract
FN:55,log
FN:75,(anonymous_6)
FN:76,(anonymous_7)
FN:82,(anonymous_8)
FN:90,(anonymous_9)
FN:124,checkIfSame
FNF:10
FNH:10
FNDA:1,(anonymous_1)
FNDA:78,print
FNDA:42,handleStr
FNDA:12,extract
FNDA:2,log
FNDA:22,(anonymous_6)
FNDA:62,(anonymous_7)
FNDA:6,(anonymous_8)
FNDA:9,(anonymous_9)
FNDA:77,checkIfSame
DA:3,1
DA:4,1
DA:5,1
DA:6,1
DA:7,1
DA:8,1
DA:9,42
DA:11,78
DA:12,1
DA:14,77
DA:15,77
DA:16,42
DA:18,35
DA:19,1
DA:21,34
DA:22,17
DA:23,17
DA:24,21
DA:25,21
DA:27,17
DA:30,17
DA:31,17
DA:32,34
DA:34,17
DA:36,60
DA:38,1
DA:39,1
DA:40,12
DA:41,12
DA:42,12
DA:43,12
DA:46,0
DA:55,1
DA:56,2
DA:57,2
DA:58,1
DA:61,1
DA:62,7
DA:63,5
DA:68,2
DA:69,2
DA:70,0
DA:75,2
DA:76,22
DA:77,62
DA:79,22
DA:80,0
DA:82,22
DA:83,6
DA:85,22
DA:86,0
DA:88,22
DA:89,22
DA:90,9
DA:91,9
DA:92,9
DA:93,0
DA:96,22
DA:97,22
DA:98,6
DA:101,16
DA:105,6
DA:106,0
DA:107,0
DA:108,0
DA:110,0
DA:112,6
DA:113,6
DA:114,6
DA:116,6
DA:117,0
DA:119,6
DA:123,1
DA:124,1
DA:125,77
DA:128,77
DA:129,0
DA:134,77
DA:135,40
DA:141,37
DA:146,17
DA:148,20
DA:149,2
DA:151,18
DA:152,8
DA:153,2
DA:154,2
DA:157,6
DA:158,5
DA:159,3
DA:163,3
DA:166,10
DA:167,1
DA:169,9
DA:170,0
DA:172,9
DA:173,1
DA:175,8
DA:176,0
DA:180,8
DA:181,21
DA:182,0
DA:184,21
DA:185,3
DA:186,2
DA:190,6
DA:191,19
DA:192,0
DA:194,19
DA:195,1
DA:196,0
DA:199,19
DA:200,1
DA:203,5
LF:114
LH:98
BRDA:9,1,0,10
BRDA:9,1,1,32
BRDA:11,2,0,1
BRDA:11,2,1,77
BRDA:15,3,0,42
BRDA:15,3,1,35
BRDA:18,4,0,1
BRDA:18,4,1,34
BRDA:21,5,0,17
BRDA:21,5,1,17
BRDA:32,6,0,34
BRDA:32,6,1,0
BRDA:57,7,0,1
BRDA:57,7,1,1
BRDA:62,8,0,5
BRDA:62,8,1,2
BRDA:69,9,0,0
BRDA:69,9,1,2
BRDA:77,10,0,0
BRDA:77,10,1,62
BRDA:77,11,0,62
BRDA:77,11,1,0
BRDA:79,12,0,0
BRDA:79,12,1,22
BRDA:83,13,0,6
BRDA:83,13,1,0
BRDA:85,14,0,0
BRDA:85,14,1,22
BRDA:89,15,0,9
BRDA:89,15,1,13
BRDA:97,16,0,6
BRDA:97,16,1,16
BRDA:105,17,0,0
BRDA:105,17,1,6
BRDA:107,18,0,0
BRDA:107,18,1,0
BRDA:116,19,0,0
BRDA:116,19,1,6
BRDA:128,20,0,0
BRDA:128,20,1,77
BRDA:128,21,0,77
BRDA:128,21,1,19
BRDA:128,21,2,13
BRDA:128,21,3,0
BRDA:134,22,0,40
BRDA:134,22,1,37
BRDA:141,23,0,17
BRDA:141,23,1,20
BRDA:141,24,0,37
BRDA:141,24,1,1
BRDA:141,24,2,36
BRDA:141,24,3,0
BRDA:141,24,4,36
BRDA:141,24,5,0
BRDA:141,24,6,36
BRDA:141,24,7,0
BRDA:141,24,8,36
BRDA:141,24,9,19
BRDA:148,25,0,2
BRDA:148,25,1,18
BRDA:148,26,0,20
BRDA:148,26,1,3
BRDA:151,27,0,8
BRDA:151,27,1,10
BRDA:151,28,0,18
BRDA:151,28,1,8
BRDA:152,29,0,2
BRDA:152,29,1,6
BRDA:152,30,0,8
BRDA:152,30,1,3
BRDA:158,31,0,3
BRDA:158,31,1,2
BRDA:166,32,0,1
BRDA:166,32,1,9
BRDA:166,33,0,10
BRDA:166,33,1,9
BRDA:169,34,0,0
BRDA:169,34,1,9
BRDA:169,35,0,9
BRDA:169,35,1,9
BRDA:172,36,0,1
BRDA:172,36,1,8
BRDA:175,37,0,0
BRDA:175,37,1,8
BRDA:181,38,0,0
BRDA:181,38,1,21
BRDA:184,39,0,3
BRDA:184,39,1,18
BRDA:185,40,0,2
BRDA:185,40,1,1
BRDA:185,41,0,3
BRDA:185,41,1,1
BRDA:191,42,0,0
BRDA:191,42,1,19
BRDA:194,43,0,1
BRDA:194,43,1,18
BRDA:195,44,0,0
BRDA:195,44,1,1
BRDA:195,45,0,1
BRDA:195,45,1,1
BRDA:199,46,0,1
BRDA:199,46,1,18
BRDA:205,47,0,1
BRDA:205,47,1,1
BRF:104
BRH:83
end_of_record
